2025-06-11 10:17:47,033 ERROR frappe New Exception collected in error log
Site: intern.com
Form Dict: {'doctype': 'Intern', 'fields': '["`tabIntern`.`name`","`tabIntern`.`owner`","`tabIntern`.`creation`","`tabIntern`.`modified`","`tabIntern`.`modified_by`","`tabIntern`.`_user_tags`","`tabIntern`.`_comments`","`tabIntern`.`_assign`","`tabIntern`.`_liked_by`","`tabIntern`.`docstatus`","`tabIntern`.`idx`","`tabIntern`.`email_id`"]', 'filters': '[]', 'order_by': '`tabIntern`.`modified` desc', 'start': '0', 'page_length': '20', 'view': 'List', 'group_by': '', 'with_comment_count': '1', 'cmd': 'frappe.desk.reportview.get'}
2025-06-11 12:45:27,150 ERROR frappe New Exception collected in error log
Site: intern.com
Form Dict: {'doc': '{"docstatus":0,"doctype":"Intern","name":"new-intern-aozuuuylev","__islocal":1,"__unsaved":1,"owner":"Administrator","user":"sathwik","email_id":"sathwik@gmail.com","mentor":"MENTI-2025-0002"}', 'action': 'Save', 'cmd': 'frappe.desk.form.save.savedocs'}
2025-06-11 12:50:22,247 ERROR frappe New Exception collected in error log
Site: intern.com
Form Dict: {'doc': '{"docstatus":0,"doctype":"Intern","name":"new-intern-aozuuuylev","__islocal":1,"__unsaved":1,"owner":"Administrator","user":"sathwik","email_id":"sathwik@gmail.com","mentor":"MENTI-2025-0002"}', 'action': 'Save', 'cmd': 'frappe.desk.form.save.savedocs'}
2025-06-11 12:51:18,289 ERROR frappe New Exception collected in error log
Site: intern.com
Form Dict: {'doc': '{"docstatus":0,"doctype":"Intern","name":"new-intern-xylzijeloe","__islocal":1,"__unsaved":1,"owner":"Administrator","user":"ram","email_id":"ram@gmail.com","mentor":"MENTI-2025-0002"}', 'action': 'Save', 'cmd': 'frappe.desk.form.save.savedocs'}
2025-06-11 13:03:54,555 ERROR frappe New Exception collected in error log
Site: intern.com
Form Dict: {'doc': '{"docstatus":0,"doctype":"Intern","name":"new-intern-gpglnnnffe","__islocal":1,"__unsaved":1,"owner":"Administrator","user":"sai","email_id":"sai@gmail.com","mentor":"MENTI-2025-0002"}', 'action': 'Save', 'cmd': 'frappe.desk.form.save.savedocs'}
2025-06-11 13:08:12,156 ERROR frappe New Exception collected in error log
Site: intern.com
Form Dict: {'doc': '{"docstatus":0,"doctype":"Intern","name":"new-intern-zdmogrsykj","__islocal":1,"__unsaved":1,"owner":"Administrator","user":"sai","email_id":"sai@gmail.com","mentor":"MENTI-2025-0002"}', 'action': 'Save', 'cmd': 'frappe.desk.form.save.savedocs'}
2025-06-11 13:08:51,001 ERROR frappe New Exception collected in error log
Site: intern.com
Form Dict: {'doc': '{"docstatus":0,"doctype":"Intern","name":"new-intern-zdmogrsykj","__islocal":1,"__unsaved":1,"owner":"Administrator","user":"sai","email_id":"sai@gmail.com","mentor":"MENTI-2025-0002"}', 'action': 'Save', 'cmd': 'frappe.desk.form.save.savedocs'}
2025-06-11 13:11:31,444 ERROR frappe New Exception collected in error log
Site: intern.com
Form Dict: {'doc': '{"docstatus":0,"doctype":"Intern","name":"new-intern-zdmogrsykj","__islocal":1,"__unsaved":1,"owner":"Administrator","user":"sai","email_id":"sai@gmail.com","mentor":"MENTI-2025-0002"}', 'action': 'Save', 'cmd': 'frappe.desk.form.save.savedocs'}
2025-06-11 13:13:01,448 ERROR frappe New Exception collected in error log
Site: intern.com
Form Dict: {'doc': '{"docstatus":0,"doctype":"Intern","name":"new-intern-zdmogrsykj","__islocal":1,"__unsaved":1,"owner":"Administrator","user":"sai","email_id":"sai@gmail.com","mentor":"MENTI-2025-0002"}', 'action': 'Save', 'cmd': 'frappe.desk.form.save.savedocs'}
2025-06-11 13:16:33,855 ERROR frappe New Exception collected in error log
Site: intern.com
Form Dict: {'doc': '{"docstatus":0,"doctype":"Intern","name":"new-intern-zdmogrsykj","__islocal":1,"__unsaved":1,"owner":"Administrator","user":"sai","email_id":"sai@gmail.com","mentor":"MENTI-2025-0002"}', 'action': 'Save', 'cmd': 'frappe.desk.form.save.savedocs'}
2025-06-11 13:17:27,589 ERROR frappe New Exception collected in error log
Site: intern.com
Form Dict: {'doc': '{"docstatus":0,"doctype":"Intern","name":"new-intern-zdmogrsykj","__islocal":1,"__unsaved":1,"owner":"Administrator","user":"sai","email_id":"sai@gmail.com","mentor":"MENTI-2025-0002"}', 'action': 'Save', 'cmd': 'frappe.desk.form.save.savedocs'}
2025-06-11 13:18:16,106 ERROR frappe New Exception collected in error log
Site: intern.com
Form Dict: {'doc': '{"docstatus":0,"doctype":"Intern","name":"new-intern-zdmogrsykj","__islocal":1,"__unsaved":1,"owner":"Administrator","user":"sai","email_id":"sai@gmail.com","mentor":"MENTI-2025-0002"}', 'action': 'Save', 'cmd': 'frappe.desk.form.save.savedocs'}
2025-06-11 13:22:20,651 ERROR frappe New Exception collected in error log
Site: intern.com
Form Dict: {'doc': '{"docstatus":0,"doctype":"Intern","name":"new-intern-zdmogrsykj","__islocal":1,"__unsaved":1,"owner":"Administrator","user":"sai","email_id":"sai@gmail.com","mentor":"MENTI-2025-0002"}', 'action': 'Save', 'cmd': 'frappe.desk.form.save.savedocs'}
2025-06-11 13:24:35,912 ERROR frappe New Exception collected in error log
Site: intern.com
Form Dict: {'doc': '{"docstatus":0,"doctype":"Intern","name":"new-intern-zdmogrsykj","__islocal":1,"__unsaved":1,"owner":"Administrator","user":"sai","email_id":"sai@gmail.com","mentor":"MENTI-2025-0002"}', 'action': 'Save', 'cmd': 'frappe.desk.form.save.savedocs'}
2025-06-11 13:25:50,433 ERROR frappe New Exception collected in error log
Site: intern.com
Form Dict: {'doc': '{"docstatus":0,"doctype":"Intern","name":"new-intern-zdmogrsykj","__islocal":1,"__unsaved":1,"owner":"Administrator","user":"sai","email_id":"sai@gmail.com","mentor":"MENTI-2025-0002"}', 'action': 'Save', 'cmd': 'frappe.desk.form.save.savedocs'}
2025-06-11 13:25:59,132 ERROR frappe New Exception collected in error log
Site: intern.com
Form Dict: {'doctype': 'Intern', 'name': 'new-intern-zdmogrsykj', 'cmd': 'frappe.desk.form.load.getdoc'}
2025-06-11 13:26:58,722 ERROR frappe New Exception collected in error log
Site: intern.com
Form Dict: {'doctype': 'Intern', 'name': 'new-intern-zdmogrsykj', 'cmd': 'frappe.desk.form.load.getdoc'}
2025-06-11 13:29:15,307 ERROR frappe New Exception collected in error log
Site: intern.com
Form Dict: {'doc': '{"docstatus":0,"doctype":"Intern","name":"new-intern-kklwdxhbmv","__islocal":1,"__unsaved":1,"owner":"Administrator","user":"sai","email_id":"sai@gmail.com","mentor":"MENTI-2025-0002"}', 'action': 'Save', 'cmd': 'frappe.desk.form.save.savedocs'}
2025-06-12 09:30:57,057 ERROR frappe New Exception collected in error log
Site: intern.com
Form Dict: {'doc': '{"docstatus":0,"doctype":"Work Allocations","name":"new-work-allocations-vjxtbmsmaz","__islocal":1,"__unsaved":1,"owner":"sindhu@limendo.com","task":[{"docstatus":0,"doctype":"Work Allocations Task Item","name":"new-work-allocations-task-item-szdwclczxx","__islocal":1,"__unsaved":1,"owner":"sindhu@limendo.com","parent":"new-work-allocations-vjxtbmsmaz","parentfield":"task","parenttype":"Work Allocations","idx":1,"task":"html","due_date":"2025-06-19 12:50:19"}],"completion_status":"Not Started","intern":"INTERN-2025-0004","template":"WT-2025-0001"}', 'action': 'Save', 'cmd': 'frappe.desk.form.save.savedocs'}
2025-06-12 09:34:58,815 ERROR frappe New Exception collected in error log
Site: intern.com
Form Dict: {'doc': '{"docstatus":0,"doctype":"Work Allocations","name":"new-work-allocations-fsgvvguuqv","__islocal":1,"__unsaved":1,"owner":"sindhu@limendo.com","intern":"INTERN-2025-0004","task":[{"docstatus":0,"doctype":"Work Allocations Task Item","name":"new-work-allocations-task-item-dmvebkaojp","__islocal":1,"__unsaved":1,"owner":"sindhu@limendo.com","parent":"new-work-allocations-fsgvvguuqv","parentfield":"task","parenttype":"Work Allocations","idx":1,"task":"html","due_date":"2025-06-19 12:50:19"}],"completion_status":"Not Started","template":"WT-2025-0001"}', 'action': 'Save', 'cmd': 'frappe.desk.form.save.savedocs'}
2025-06-12 09:35:47,487 ERROR frappe New Exception collected in error log
Site: intern.com
Form Dict: {'doc': '{"docstatus":0,"doctype":"Work Allocations","name":"new-work-allocations-fsgvvguuqv","__islocal":1,"__unsaved":1,"owner":"sindhu@limendo.com","intern":"INTERN-2025-0004","task":[{"docstatus":0,"doctype":"Work Allocations Task Item","name":"new-work-allocations-task-item-dmvebkaojp","__islocal":1,"__unsaved":1,"owner":"sindhu@limendo.com","parent":"new-work-allocations-fsgvvguuqv","parentfield":"task","parenttype":"Work Allocations","idx":1,"task":"html","due_date":"2025-06-19 12:50:19"}],"completion_status":"Not Started","template":"WT-2025-0001"}', 'action': 'Save', 'cmd': 'frappe.desk.form.save.savedocs'}
2025-06-12 09:36:03,697 ERROR frappe New Exception collected in error log
Site: intern.com
Form Dict: {'doc': '{"docstatus":0,"doctype":"Work Allocations","name":"new-work-allocations-fsgvvguuqv","__islocal":1,"__unsaved":1,"owner":"sindhu@limendo.com","intern":"INTERN-2025-0004","task":[{"docstatus":0,"doctype":"Work Allocations Task Item","name":"new-work-allocations-task-item-dmvebkaojp","__islocal":1,"__unsaved":1,"owner":"sindhu@limendo.com","parent":"new-work-allocations-fsgvvguuqv","parentfield":"task","parenttype":"Work Allocations","idx":1,"task":"html","due_date":"2025-06-19 12:50:19"}],"completion_status":"Not Started","template":"WT-2025-0001"}', 'action': 'Save', 'cmd': 'frappe.desk.form.save.savedocs'}
2025-06-12 10:20:52,080 ERROR frappe New Exception collected in error log
Site: intern.com
Form Dict: {'doctype': 'Work Allocations', 'fields': '["`tabWork Allocations`.`name`","`tabWork Allocations`.`owner`","`tabWork Allocations`.`creation`","`tabWork Allocations`.`modified`","`tabWork Allocations`.`modified_by`","`tabWork Allocations`.`_user_tags`","`tabWork Allocations`.`_comments`","`tabWork Allocations`.`_assign`","`tabWork Allocations`.`_liked_by`","`tabWork Allocations`.`docstatus`","`tabWork Allocations`.`idx`"]', 'filters': '[]', 'order_by': '`tabWork Allocations`.`modified` desc', 'start': '0', 'page_length': '20', 'view': 'List', 'group_by': '', 'with_comment_count': '1', 'cmd': 'frappe.desk.reportview.get'}
2025-06-12 11:10:26,415 ERROR frappe New Exception collected in error log
Site: intern.com
Form Dict: {'doctype': 'Work Allocations', 'fields': '["`tabWork Allocations`.`name`","`tabWork Allocations`.`owner`","`tabWork Allocations`.`creation`","`tabWork Allocations`.`modified`","`tabWork Allocations`.`modified_by`","`tabWork Allocations`.`_user_tags`","`tabWork Allocations`.`_comments`","`tabWork Allocations`.`_assign`","`tabWork Allocations`.`_liked_by`","`tabWork Allocations`.`docstatus`","`tabWork Allocations`.`idx`"]', 'filters': '[]', 'order_by': '`tabWork Allocations`.`modified` desc', 'start': '0', 'page_length': '20', 'view': 'List', 'group_by': '', 'with_comment_count': '1', 'cmd': 'frappe.desk.reportview.get'}
2025-06-12 11:23:50,908 ERROR frappe New Exception collected in error log
Site: intern.com
Form Dict: {'user': 'ram@gmail.com', 'cmd': 'frappe.core.doctype.user.user.reset_password'}
2025-06-12 11:28:11,942 ERROR frappe New Exception collected in error log
Site: intern.com
Form Dict: {'doc': '{"docstatus":0,"doctype":"Work Allocations","name":"new-work-allocations-jhqahzqhcn","__islocal":1,"__unsaved":1,"owner":"sindu@limendo.com","task":[{"docstatus":0,"doctype":"Work Allocations Task Item","name":"new-work-allocations-task-item-mqyevyzcxs","__islocal":1,"__unsaved":1,"owner":"sindu@limendo.com","parent":"new-work-allocations-jhqahzqhcn","parentfield":"task","parenttype":"Work Allocations","idx":1,"task":"html","due_date":"2025-06-20 16:19:56"},{"docstatus":0,"doctype":"Work Allocations Task Item","name":"new-work-allocations-task-item-nhoieiwtbb","__islocal":1,"__unsaved":1,"owner":"sindu@limendo.com","parent":"new-work-allocations-jhqahzqhcn","parentfield":"task","parenttype":"Work Allocations","idx":2,"task":"CSS","due_date":"2025-06-21 16:20:16"}],"completion_status":"Not Started","intern":"INTERN-2025-0004","template":"WT-2025-0001"}', 'action': 'Save', 'cmd': 'frappe.desk.form.save.savedocs'}
2025-06-12 11:31:15,409 ERROR frappe New Exception collected in error log
Site: intern.com
Form Dict: {'doc': '{"docstatus":0,"doctype":"Work Allocations","name":"new-work-allocations-jhqahzqhcn","__islocal":1,"__unsaved":1,"owner":"sindu@limendo.com","task":[{"docstatus":0,"doctype":"Work Allocations Task Item","name":"new-work-allocations-task-item-mqyevyzcxs","__islocal":1,"__unsaved":1,"owner":"sindu@limendo.com","parent":"new-work-allocations-jhqahzqhcn","parentfield":"task","parenttype":"Work Allocations","idx":1,"task":"html","due_date":"2025-06-20 16:19:56"},{"docstatus":0,"doctype":"Work Allocations Task Item","name":"new-work-allocations-task-item-nhoieiwtbb","__islocal":1,"__unsaved":1,"owner":"sindu@limendo.com","parent":"new-work-allocations-jhqahzqhcn","parentfield":"task","parenttype":"Work Allocations","idx":2,"task":"CSS","due_date":"2025-06-21 16:20:16"}],"completion_status":"Not Started","intern":"INTERN-2025-0004","template":"WT-2025-0001"}', 'action': 'Save', 'cmd': 'frappe.desk.form.save.savedocs'}
2025-06-12 11:39:41,597 ERROR frappe New Exception collected in error log
Site: intern.com
Form Dict: {'doctype': 'Performance Review', 'fields': '["`tabPerformance Review`.`name`","`tabPerformance Review`.`owner`","`tabPerformance Review`.`creation`","`tabPerformance Review`.`modified`","`tabPerformance Review`.`modified_by`","`tabPerformance Review`.`_user_tags`","`tabPerformance Review`.`_comments`","`tabPerformance Review`.`_assign`","`tabPerformance Review`.`_liked_by`","`tabPerformance Review`.`docstatus`","`tabPerformance Review`.`idx`"]', 'filters': '[]', 'order_by': '`tabPerformance Review`.`modified` desc', 'start': '0', 'page_length': '20', 'view': 'List', 'group_by': '', 'with_comment_count': '1', 'cmd': 'frappe.desk.reportview.get'}
2025-06-12 12:49:31,144 ERROR frappe New Exception collected in error log
Site: intern.com
Form Dict: {'doctype': 'Performance Review', 'fields': '["`tabPerformance Review`.`name`","`tabPerformance Review`.`owner`","`tabPerformance Review`.`creation`","`tabPerformance Review`.`modified`","`tabPerformance Review`.`modified_by`","`tabPerformance Review`.`_user_tags`","`tabPerformance Review`.`_comments`","`tabPerformance Review`.`_assign`","`tabPerformance Review`.`_liked_by`","`tabPerformance Review`.`docstatus`","`tabPerformance Review`.`idx`"]', 'filters': '[]', 'order_by': '`tabPerformance Review`.`modified` desc', 'start': '0', 'page_length': '20', 'view': 'List', 'group_by': '', 'with_comment_count': '1', 'cmd': 'frappe.desk.reportview.get'}
2025-06-13 06:18:28,447 ERROR frappe New Exception collected in error log
Site: intern.com
Form Dict: {'doctype': 'Work Allocations', 'fields': '["`tabWork Allocations`.`name`","`tabWork Allocations`.`owner`","`tabWork Allocations`.`creation`","`tabWork Allocations`.`modified`","`tabWork Allocations`.`modified_by`","`tabWork Allocations`.`_user_tags`","`tabWork Allocations`.`_comments`","`tabWork Allocations`.`_assign`","`tabWork Allocations`.`_liked_by`","`tabWork Allocations`.`docstatus`","`tabWork Allocations`.`idx`"]', 'filters': '[]', 'order_by': '`tabWork Allocations`.`modified` desc', 'start': '0', 'page_length': '20', 'view': 'List', 'group_by': '', 'with_comment_count': '1', 'cmd': 'frappe.desk.reportview.get'}
2025-06-13 06:18:35,381 ERROR frappe New Exception collected in error log
Site: intern.com
Form Dict: {'doctype': 'Work Allocations', 'fields': '["`tabWork Allocations`.`name`","`tabWork Allocations`.`owner`","`tabWork Allocations`.`creation`","`tabWork Allocations`.`modified`","`tabWork Allocations`.`modified_by`","`tabWork Allocations`.`_user_tags`","`tabWork Allocations`.`_comments`","`tabWork Allocations`.`_assign`","`tabWork Allocations`.`_liked_by`","`tabWork Allocations`.`docstatus`","`tabWork Allocations`.`idx`"]', 'filters': '[]', 'order_by': '`tabWork Allocations`.`modified` desc', 'start': '0', 'page_length': '20', 'view': 'List', 'group_by': '', 'with_comment_count': '1', 'cmd': 'frappe.desk.reportview.get'}
2025-06-13 06:20:15,226 ERROR frappe New Exception collected in error log
Site: intern.com
Form Dict: {'doctype': 'Work Allocations', 'fields': '["`tabWork Allocations`.`name`","`tabWork Allocations`.`owner`","`tabWork Allocations`.`creation`","`tabWork Allocations`.`modified`","`tabWork Allocations`.`modified_by`","`tabWork Allocations`.`_user_tags`","`tabWork Allocations`.`_comments`","`tabWork Allocations`.`_assign`","`tabWork Allocations`.`_liked_by`","`tabWork Allocations`.`docstatus`","`tabWork Allocations`.`idx`"]', 'filters': '[]', 'order_by': '`tabWork Allocations`.`modified` desc', 'start': '0', 'page_length': '20', 'view': 'List', 'group_by': '', 'with_comment_count': '1', 'cmd': 'frappe.desk.reportview.get'}
2025-06-13 06:20:42,172 ERROR frappe New Exception collected in error log
Site: intern.com
Form Dict: {'doctype': 'Work Allocations', 'fields': '["`tabWork Allocations`.`name`","`tabWork Allocations`.`owner`","`tabWork Allocations`.`creation`","`tabWork Allocations`.`modified`","`tabWork Allocations`.`modified_by`","`tabWork Allocations`.`_user_tags`","`tabWork Allocations`.`_comments`","`tabWork Allocations`.`_assign`","`tabWork Allocations`.`_liked_by`","`tabWork Allocations`.`docstatus`","`tabWork Allocations`.`idx`"]', 'filters': '[]', 'order_by': '`tabWork Allocations`.`modified` desc', 'start': '0', 'page_length': '20', 'view': 'List', 'group_by': '', 'with_comment_count': '1', 'cmd': 'frappe.desk.reportview.get'}
2025-06-13 06:21:43,447 ERROR frappe New Exception collected in error log
Site: intern.com
Form Dict: {'doctype': 'Work Allocations', 'filters': '[]', 'fields': '[]', 'distinct': 'false', 'limit': '1001', 'cmd': 'frappe.desk.reportview.get_count'}
2025-06-13 06:22:05,508 ERROR frappe New Exception collected in error log
Site: intern.com
Form Dict: {'doctype': 'Work Allocations', 'fields': '["`tabWork Allocations`.`name`","`tabWork Allocations`.`owner`","`tabWork Allocations`.`creation`","`tabWork Allocations`.`modified`","`tabWork Allocations`.`modified_by`","`tabWork Allocations`.`_user_tags`","`tabWork Allocations`.`_comments`","`tabWork Allocations`.`_assign`","`tabWork Allocations`.`_liked_by`","`tabWork Allocations`.`docstatus`","`tabWork Allocations`.`idx`"]', 'filters': '[]', 'order_by': '`tabWork Allocations`.`modified` desc', 'start': '0', 'page_length': '20', 'view': 'List', 'group_by': '', 'with_comment_count': '1', 'cmd': 'frappe.desk.reportview.get'}
2025-06-13 06:22:26,862 ERROR frappe New Exception collected in error log
Site: intern.com
Form Dict: {'doctype': 'Work Allocations', 'fields': '["`tabWork Allocations`.`name`","`tabWork Allocations`.`owner`","`tabWork Allocations`.`creation`","`tabWork Allocations`.`modified`","`tabWork Allocations`.`modified_by`","`tabWork Allocations`.`_user_tags`","`tabWork Allocations`.`_comments`","`tabWork Allocations`.`_assign`","`tabWork Allocations`.`_liked_by`","`tabWork Allocations`.`docstatus`","`tabWork Allocations`.`idx`"]', 'filters': '[]', 'order_by': '`tabWork Allocations`.`modified` desc', 'start': '0', 'page_length': '20', 'view': 'List', 'group_by': '', 'with_comment_count': '1', 'cmd': 'frappe.desk.reportview.get'}
2025-06-13 06:56:25,673 ERROR frappe New Exception collected in error log
Site: intern.com
Form Dict: {'doctype': 'Work Allocations', 'fields': '["`tabWork Allocations`.`name`","`tabWork Allocations`.`owner`","`tabWork Allocations`.`creation`","`tabWork Allocations`.`modified`","`tabWork Allocations`.`modified_by`","`tabWork Allocations`.`_user_tags`","`tabWork Allocations`.`_comments`","`tabWork Allocations`.`_assign`","`tabWork Allocations`.`_liked_by`","`tabWork Allocations`.`docstatus`","`tabWork Allocations`.`idx`"]', 'filters': '[]', 'order_by': '`tabWork Allocations`.`modified` desc', 'start': '0', 'page_length': '20', 'view': 'List', 'group_by': '', 'with_comment_count': '1', 'cmd': 'frappe.desk.reportview.get'}
2025-06-13 06:57:20,482 ERROR frappe New Exception collected in error log
Site: intern.com
Form Dict: {'doctype': 'Work Allocations', 'fields': '["`tabWork Allocations`.`name`","`tabWork Allocations`.`owner`","`tabWork Allocations`.`creation`","`tabWork Allocations`.`modified`","`tabWork Allocations`.`modified_by`","`tabWork Allocations`.`_user_tags`","`tabWork Allocations`.`_comments`","`tabWork Allocations`.`_assign`","`tabWork Allocations`.`_liked_by`","`tabWork Allocations`.`docstatus`","`tabWork Allocations`.`idx`"]', 'filters': '[]', 'order_by': '`tabWork Allocations`.`modified` desc', 'start': '0', 'page_length': '20', 'view': 'List', 'group_by': '', 'with_comment_count': '1', 'cmd': 'frappe.desk.reportview.get'}
2025-06-13 07:09:43,114 ERROR frappe New Exception collected in error log
Site: intern.com
Form Dict: {'doctype': 'Work Allocations', 'fields': '["`tabWork Allocations`.`name`","`tabWork Allocations`.`owner`","`tabWork Allocations`.`creation`","`tabWork Allocations`.`modified`","`tabWork Allocations`.`modified_by`","`tabWork Allocations`.`_user_tags`","`tabWork Allocations`.`_comments`","`tabWork Allocations`.`_assign`","`tabWork Allocations`.`_liked_by`","`tabWork Allocations`.`docstatus`","`tabWork Allocations`.`idx`"]', 'filters': '[]', 'order_by': '`tabWork Allocations`.`modified` desc', 'start': '0', 'page_length': '20', 'view': 'List', 'group_by': '', 'with_comment_count': '1', 'cmd': 'frappe.desk.reportview.get'}
2025-06-13 07:24:09,152 ERROR frappe New Exception collected in error log
Site: intern.com
Form Dict: {'doctype': 'Performance Review', 'fields': '["`tabPerformance Review`.`name`","`tabPerformance Review`.`owner`","`tabPerformance Review`.`creation`","`tabPerformance Review`.`modified`","`tabPerformance Review`.`modified_by`","`tabPerformance Review`.`_user_tags`","`tabPerformance Review`.`_comments`","`tabPerformance Review`.`_assign`","`tabPerformance Review`.`_liked_by`","`tabPerformance Review`.`docstatus`","`tabPerformance Review`.`idx`"]', 'filters': '[]', 'order_by': '`tabPerformance Review`.`modified` desc', 'start': '0', 'page_length': '20', 'view': 'List', 'group_by': '', 'with_comment_count': '1', 'cmd': 'frappe.desk.reportview.get'}
2025-06-13 07:29:27,855 ERROR frappe New Exception collected in error log
Site: intern.com
Form Dict: {'doctype': 'Mentor', 'fields': '["`tabMentor`.`name`","`tabMentor`.`owner`","`tabMentor`.`creation`","`tabMentor`.`modified`","`tabMentor`.`modified_by`","`tabMentor`.`_user_tags`","`tabMentor`.`_comments`","`tabMentor`.`_assign`","`tabMentor`.`_liked_by`","`tabMentor`.`docstatus`","`tabMentor`.`idx`"]', 'filters': '[]', 'order_by': '`tabMentor`.`modified` desc', 'start': '0', 'page_length': '20', 'view': 'List', 'group_by': '', 'with_comment_count': '1', 'cmd': 'frappe.desk.reportview.get'}
2025-06-13 07:30:07,973 ERROR frappe New Exception collected in error log
Site: intern.com
Form Dict: {'doctype': 'Mentor', 'fields': '["`tabMentor`.`name`","`tabMentor`.`owner`","`tabMentor`.`creation`","`tabMentor`.`modified`","`tabMentor`.`modified_by`","`tabMentor`.`_user_tags`","`tabMentor`.`_comments`","`tabMentor`.`_assign`","`tabMentor`.`_liked_by`","`tabMentor`.`docstatus`","`tabMentor`.`idx`"]', 'filters': '[]', 'order_by': '`tabMentor`.`modified` desc', 'start': '0', 'page_length': '20', 'view': 'List', 'group_by': '', 'with_comment_count': '1', 'cmd': 'frappe.desk.reportview.get'}
2025-06-13 07:32:04,938 ERROR frappe New Exception collected in error log
Site: intern.com
Form Dict: {'doctype': 'Mentor', 'fields': '["`tabMentor`.`name`","`tabMentor`.`owner`","`tabMentor`.`creation`","`tabMentor`.`modified`","`tabMentor`.`modified_by`","`tabMentor`.`_user_tags`","`tabMentor`.`_comments`","`tabMentor`.`_assign`","`tabMentor`.`_liked_by`","`tabMentor`.`docstatus`","`tabMentor`.`idx`"]', 'filters': '[]', 'order_by': '`tabMentor`.`modified` desc', 'start': '0', 'page_length': '20', 'view': 'List', 'group_by': '', 'with_comment_count': '1', 'cmd': 'frappe.desk.reportview.get'}
2025-06-13 09:59:09,524 ERROR frappe New Exception collected in error log
Site: intern.com
Form Dict: {'doctype': 'Intern', 'fields': '["`tabIntern`.`name`","`tabIntern`.`owner`","`tabIntern`.`creation`","`tabIntern`.`modified`","`tabIntern`.`modified_by`","`tabIntern`.`_user_tags`","`tabIntern`.`_comments`","`tabIntern`.`_assign`","`tabIntern`.`_liked_by`","`tabIntern`.`docstatus`","`tabIntern`.`idx`","`tabIntern`.`email_id`"]', 'filters': '[]', 'order_by': '`tabIntern`.`modified` desc', 'start': '0', 'page_length': '20', 'view': 'List', 'group_by': '', 'with_comment_count': '1', 'cmd': 'frappe.desk.reportview.get'}
2025-06-13 10:19:08,644 ERROR frappe New Exception collected in error log
Site: intern.com
Form Dict: {'doctype': 'Intern', 'fields': '["`tabIntern`.`name`","`tabIntern`.`owner`","`tabIntern`.`creation`","`tabIntern`.`modified`","`tabIntern`.`modified_by`","`tabIntern`.`_user_tags`","`tabIntern`.`_comments`","`tabIntern`.`_assign`","`tabIntern`.`_liked_by`","`tabIntern`.`docstatus`","`tabIntern`.`idx`","`tabIntern`.`email_id`"]', 'filters': '[]', 'order_by': '`tabIntern`.`modified` desc', 'start': '0', 'page_length': '20', 'view': 'List', 'group_by': '', 'with_comment_count': '1', 'cmd': 'frappe.desk.reportview.get'}
2025-06-13 10:20:21,117 ERROR frappe New Exception collected in error log
Site: intern.com
Form Dict: {'doctype': 'Intern', 'fields': '["`tabIntern`.`name`","`tabIntern`.`owner`","`tabIntern`.`creation`","`tabIntern`.`modified`","`tabIntern`.`modified_by`","`tabIntern`.`_user_tags`","`tabIntern`.`_comments`","`tabIntern`.`_assign`","`tabIntern`.`_liked_by`","`tabIntern`.`docstatus`","`tabIntern`.`idx`","`tabIntern`.`email_id`"]', 'filters': '[]', 'order_by': '`tabIntern`.`modified` desc', 'start': '0', 'page_length': '20', 'view': 'List', 'group_by': '', 'with_comment_count': '1', 'cmd': 'frappe.desk.reportview.get'}
2025-06-13 10:48:51,561 ERROR frappe New Exception collected in error log
Site: intern.com
Form Dict: {'doctype': 'Mentor', 'name': 'MENTI-2025-0001', 'cmd': 'frappe.desk.form.load.getdoc'}
2025-06-13 11:01:35,562 ERROR frappe New Exception collected in error log
Site: intern.com
Form Dict: {'doctype': 'Mentor', 'fields': '["`tabMentor`.`name`","`tabMentor`.`owner`","`tabMentor`.`creation`","`tabMentor`.`modified`","`tabMentor`.`modified_by`","`tabMentor`.`_user_tags`","`tabMentor`.`_comments`","`tabMentor`.`_assign`","`tabMentor`.`_liked_by`","`tabMentor`.`docstatus`","`tabMentor`.`idx`"]', 'filters': '[]', 'order_by': '`tabMentor`.`modified` desc', 'start': '0', 'page_length': '20', 'view': 'List', 'group_by': '', 'with_comment_count': '1', 'cmd': 'frappe.desk.reportview.get'}
2025-06-13 11:02:38,976 ERROR frappe New Exception collected in error log
Site: intern.com
Form Dict: {'doctype': 'Mentor', 'fields': '["`tabMentor`.`name`","`tabMentor`.`owner`","`tabMentor`.`creation`","`tabMentor`.`modified`","`tabMentor`.`modified_by`","`tabMentor`.`_user_tags`","`tabMentor`.`_comments`","`tabMentor`.`_assign`","`tabMentor`.`_liked_by`","`tabMentor`.`docstatus`","`tabMentor`.`idx`"]', 'filters': '[]', 'order_by': '`tabMentor`.`modified` desc', 'start': '0', 'page_length': '20', 'view': 'List', 'group_by': '', 'with_comment_count': '1', 'cmd': 'frappe.desk.reportview.get'}
2025-06-13 11:03:20,724 ERROR frappe New Exception collected in error log
Site: intern.com
Form Dict: {'doctype': 'Mentor', 'fields': '["`tabMentor`.`name`","`tabMentor`.`owner`","`tabMentor`.`creation`","`tabMentor`.`modified`","`tabMentor`.`modified_by`","`tabMentor`.`_user_tags`","`tabMentor`.`_comments`","`tabMentor`.`_assign`","`tabMentor`.`_liked_by`","`tabMentor`.`docstatus`","`tabMentor`.`idx`"]', 'filters': '[]', 'order_by': '`tabMentor`.`modified` desc', 'start': '0', 'page_length': '20', 'view': 'List', 'group_by': '', 'with_comment_count': '1', 'cmd': 'frappe.desk.reportview.get'}
2025-06-13 11:24:33,276 ERROR frappe Could not take error snapshot: '{' was never closed (hooks.py, line 171)
Site: intern.com
Form Dict: {'doc': '{"docstatus":0,"doctype":"Intern","name":"new-intern-btyfvrdbhp","__islocal":1,"__unsaved":1,"owner":"guru@limendo.com","user":"sathwik","email_id":"sathwik@gmail.com","mentor":"MENTI-2025-0002"}', 'action': 'Save'}
Traceback (most recent call last):
  File "/home/limendo/frappe-bench/apps/frappe/frappe/utils/caching.py", line 57, in wrapper
    return frappe.local.request_cache[func][args_key]
KeyError: 5740354900026072187

During handling of the above exception, another exception occurred:

Traceback (most recent call last):
  File "/home/limendo/frappe-bench/apps/frappe/frappe/app.py", line 100, in application
    init_request(request)
  File "/home/limendo/frappe-bench/apps/frappe/frappe/app.py", line 198, in init_request
    for before_request_task in frappe.get_hooks("before_request"):
  File "/home/limendo/frappe-bench/apps/frappe/frappe/__init__.py", line 1607, in get_hooks
    hooks = _dict(_load_app_hooks())
  File "/home/limendo/frappe-bench/apps/frappe/frappe/utils/caching.py", line 59, in wrapper
    return_val = func(*args, **kwargs)
  File "/home/limendo/frappe-bench/apps/frappe/frappe/__init__.py", line 1576, in _load_app_hooks
    app_hooks = get_module(f"{app}.hooks")
  File "/home/limendo/frappe-bench/apps/frappe/frappe/__init__.py", line 1442, in get_module
    return importlib.import_module(modulename)
  File "/usr/lib/python3.10/importlib/__init__.py", line 126, in import_module
    return _bootstrap._gcd_import(name[level:], package, level)
  File "<frozen importlib._bootstrap>", line 1050, in _gcd_import
  File "<frozen importlib._bootstrap>", line 1027, in _find_and_load
  File "<frozen importlib._bootstrap>", line 1006, in _find_and_load_unlocked
  File "<frozen importlib._bootstrap>", line 688, in _load_unlocked
  File "<frozen importlib._bootstrap_external>", line 879, in exec_module
  File "<frozen importlib._bootstrap_external>", line 1017, in get_code
  File "<frozen importlib._bootstrap_external>", line 947, in source_to_code
  File "<frozen importlib._bootstrap>", line 241, in _call_with_frames_removed
  File "/home/limendo/frappe-bench/apps/intern_management/intern_management/hooks.py", line 171
    doc_events = {
                 ^
SyntaxError: '{' was never closed

During handling of the above exception, another exception occurred:

Traceback (most recent call last):
  File "/home/limendo/frappe-bench/apps/frappe/frappe/utils/caching.py", line 57, in wrapper
    return frappe.local.request_cache[func][args_key]
KeyError: 5740354900026072187

During handling of the above exception, another exception occurred:

Traceback (most recent call last):
  File "/home/limendo/frappe-bench/apps/frappe/frappe/utils/error.py", line 86, in log_error_snapshot
    log_error(title=str(exception), defer_insert=True)
  File "/home/limendo/frappe-bench/apps/frappe/frappe/utils/error.py", line 61, in log_error
    error_log = frappe.get_doc(
  File "/home/limendo/frappe-bench/apps/frappe/frappe/__init__.py", line 1305, in get_doc
    return frappe.model.document.get_doc(*args, **kwargs)
  File "/home/limendo/frappe-bench/apps/frappe/frappe/model/document.py", line 83, in get_doc
    controller = get_controller(doctype)
  File "/home/limendo/frappe-bench/apps/frappe/frappe/model/base_document.py", line 71, in get_controller
    site_controllers[doctype] = import_controller(doctype)
  File "/home/limendo/frappe-bench/apps/frappe/frappe/model/base_document.py", line 89, in import_controller
    class_overrides = frappe.get_hooks("override_doctype_class")
  File "/home/limendo/frappe-bench/apps/frappe/frappe/__init__.py", line 1607, in get_hooks
    hooks = _dict(_load_app_hooks())
  File "/home/limendo/frappe-bench/apps/frappe/frappe/utils/caching.py", line 59, in wrapper
    return_val = func(*args, **kwargs)
  File "/home/limendo/frappe-bench/apps/frappe/frappe/__init__.py", line 1576, in _load_app_hooks
    app_hooks = get_module(f"{app}.hooks")
  File "/home/limendo/frappe-bench/apps/frappe/frappe/__init__.py", line 1442, in get_module
    return importlib.import_module(modulename)
  File "/usr/lib/python3.10/importlib/__init__.py", line 126, in import_module
    return _bootstrap._gcd_import(name[level:], package, level)
  File "<frozen importlib._bootstrap>", line 1050, in _gcd_import
  File "<frozen importlib._bootstrap>", line 1027, in _find_and_load
  File "<frozen importlib._bootstrap>", line 1006, in _find_and_load_unlocked
  File "<frozen importlib._bootstrap>", line 688, in _load_unlocked
  File "<frozen importlib._bootstrap_external>", line 879, in exec_module
  File "<frozen importlib._bootstrap_external>", line 1017, in get_code
  File "<frozen importlib._bootstrap_external>", line 947, in source_to_code
  File "<frozen importlib._bootstrap>", line 241, in _call_with_frames_removed
  File "/home/limendo/frappe-bench/apps/intern_management/intern_management/hooks.py", line 171
    doc_events = {
                 ^
SyntaxError: '{' was never closed
2025-06-13 11:24:33,277 ERROR frappe Failed to run after request hook
Site: intern.com
Form Dict: {'doc': '{"docstatus":0,"doctype":"Intern","name":"new-intern-btyfvrdbhp","__islocal":1,"__unsaved":1,"owner":"guru@limendo.com","user":"sathwik","email_id":"sathwik@gmail.com","mentor":"MENTI-2025-0002"}', 'action': 'Save'}
Traceback (most recent call last):
  File "/home/limendo/frappe-bench/apps/frappe/frappe/utils/caching.py", line 57, in wrapper
    return frappe.local.request_cache[func][args_key]
KeyError: 5740354900026072187

During handling of the above exception, another exception occurred:

Traceback (most recent call last):
  File "/home/limendo/frappe-bench/apps/frappe/frappe/app.py", line 147, in application
    run_after_request_hooks(request, response)
  File "/home/limendo/frappe-bench/apps/frappe/frappe/app.py", line 162, in run_after_request_hooks
    for after_request_task in frappe.get_hooks("after_request"):
  File "/home/limendo/frappe-bench/apps/frappe/frappe/__init__.py", line 1607, in get_hooks
    hooks = _dict(_load_app_hooks())
  File "/home/limendo/frappe-bench/apps/frappe/frappe/utils/caching.py", line 59, in wrapper
    return_val = func(*args, **kwargs)
  File "/home/limendo/frappe-bench/apps/frappe/frappe/__init__.py", line 1576, in _load_app_hooks
    app_hooks = get_module(f"{app}.hooks")
  File "/home/limendo/frappe-bench/apps/frappe/frappe/__init__.py", line 1442, in get_module
    return importlib.import_module(modulename)
  File "/usr/lib/python3.10/importlib/__init__.py", line 126, in import_module
    return _bootstrap._gcd_import(name[level:], package, level)
  File "<frozen importlib._bootstrap>", line 1050, in _gcd_import
  File "<frozen importlib._bootstrap>", line 1027, in _find_and_load
  File "<frozen importlib._bootstrap>", line 1006, in _find_and_load_unlocked
  File "<frozen importlib._bootstrap>", line 688, in _load_unlocked
  File "<frozen importlib._bootstrap_external>", line 879, in exec_module
  File "<frozen importlib._bootstrap_external>", line 1017, in get_code
  File "<frozen importlib._bootstrap_external>", line 947, in source_to_code
  File "<frozen importlib._bootstrap>", line 241, in _call_with_frames_removed
  File "/home/limendo/frappe-bench/apps/intern_management/intern_management/hooks.py", line 171
    doc_events = {
                 ^
SyntaxError: '{' was never closed
